<?xml version="1.0" encoding="UTF-8"?>
<!-- Generated by org.testng.reporters.JUnitReportReporter -->
<testsuite hostname="Nehas-MacBook-Air.local" failures="0" tests="1" name="testNG2.Testng2" time="25.022" errors="0" timestamp="2023-10-04T15:00:57 IST" skipped="0">
  <testcase classname="testNG2.Testng2" name="reporting" time="25.022"/>
</testsuite> <!-- testNG2.Testng2 -->
