<?xml version="1.0" encoding="UTF-8"?>
<!-- Generated by org.testng.reporters.JUnitReportReporter -->
<testsuite hostname="Nehas-MacBook-Air.local" failures="0" tests="1" name="testNgTest.TestNgTest" time="35.340" errors="0" timestamp="2023-10-04T15:00:57 IST" skipped="0">
  <testcase classname="testNgTest.TestNgTest" name="sendpage" time="35.340"/>
</testsuite> <!-- testNgTest.TestNgTest -->
